<?xml version="1.0" encoding="UTF-8"?>
<!-- Generated by org.testng.reporters.JUnitReportReporter -->
<testsuite hostname="DESKTOP-9LMV1LJ" failures="0" tests="26" name="pagesTest.HomePageTest" time="18.089" errors="0" timestamp="2023-12-03T14:33:55 EST" skipped="25">
  <testcase classname="pagesTest.HomePageTest" name="windowHandling" time="18.089"/>
  <testcase classname="pagesTest.HomePageTest" name="assertionTrueFalseofLogoIsDisplayed1">
    <skipped/>
  </testcase> <!-- assertionTrueFalseofLogoIsDisplayed1 -->
  <testcase classname="pagesTest.HomePageTest" name="anotherDimensionWithNavigation">
    <skipped/>
  </testcase> <!-- anotherDimensionWithNavigation -->
  <testcase classname="pagesTest.HomePageTest" name="openAnAccount">
    <skipped/>
  </testcase> <!-- openAnAccount -->
  <testcase classname="pagesTest.HomePageTest" name="clcikForgotIDandPass">
    <skipped/>
  </testcase> <!-- clcikForgotIDandPass -->
  <testcase classname="pagesTest.HomePageTest" name="scrollDownWithExplicitlyWait">
    <skipped/>
  </testcase> <!-- scrollDownWithExplicitlyWait -->
  <testcase classname="pagesTest.HomePageTest" name="findTheElementsAndListByUsingActions">
    <skipped/>
  </testcase> <!-- findTheElementsAndListByUsingActions -->
  <testcase classname="pagesTest.HomePageTest" name="getTitleNameByHardAssert">
    <skipped/>
  </testcase> <!-- getTitleNameByHardAssert -->
  <testcase classname="pagesTest.HomePageTest" name="inputPasswordTest">
    <skipped/>
  </testcase> <!-- inputPasswordTest -->
  <testcase classname="pagesTest.HomePageTest" name="useOfNavigator">
    <skipped/>
  </testcase> <!-- useOfNavigator -->
  <testcase classname="pagesTest.HomePageTest" name="mouseHooverAction">
    <skipped/>
  </testcase> <!-- mouseHooverAction -->
  <testcase classname="pagesTest.HomePageTest" name="inputUserIDAndPassInFieldTest">
    <skipped/>
  </testcase> <!-- inputUserIDAndPassInFieldTest -->
  <testcase classname="pagesTest.HomePageTest" name="getCurrentTitle">
    <skipped/>
  </testcase> <!-- getCurrentTitle -->
  <testcase classname="pagesTest.HomePageTest" name="assertionTrueFalseofLogoIsDisplayed2">
    <skipped/>
  </testcase> <!-- assertionTrueFalseofLogoIsDisplayed2 -->
  <testcase classname="pagesTest.HomePageTest" name="clickLogInButtonTest">
    <skipped/>
  </testcase> <!-- clickLogInButtonTest -->
  <testcase classname="pagesTest.HomePageTest" name="findTheRowofaTable">
    <skipped/>
  </testcase> <!-- findTheRowofaTable -->
  <testcase classname="pagesTest.HomePageTest" name="useOfJavaScriptToClickMethod">
    <skipped/>
  </testcase> <!-- useOfJavaScriptToClickMethod -->
  <testcase classname="pagesTest.HomePageTest" name="useOfRightClick">
    <skipped/>
  </testcase> <!-- useOfRightClick -->
  <testcase classname="pagesTest.HomePageTest" name="getTitleNameBySoftAssert">
    <skipped/>
  </testcase> <!-- getTitleNameBySoftAssert -->
  <testcase classname="pagesTest.HomePageTest" name="sizeOfTheWindow">
    <skipped/>
  </testcase> <!-- sizeOfTheWindow -->
  <testcase classname="pagesTest.HomePageTest" name="inputTextInUserIDFieldTest">
    <skipped/>
  </testcase> <!-- inputTextInUserIDFieldTest -->
  <testcase classname="pagesTest.HomePageTest" name="dropdownMethod1">
    <skipped/>
  </testcase> <!-- dropdownMethod1 -->
  <testcase classname="pagesTest.HomePageTest" name="usingJavaScriptForSendKeysAndClickInLogIn">
    <skipped/>
  </testcase> <!-- usingJavaScriptForSendKeysAndClickInLogIn -->
  <testcase classname="pagesTest.HomePageTest" name="clickForgotPasswordByUsingOfEnterKeyFromLaptop">
    <skipped/>
  </testcase> <!-- clickForgotPasswordByUsingOfEnterKeyFromLaptop -->
  <testcase classname="pagesTest.HomePageTest" name="inputUserIDandPasswordandClickLogin2">
    <skipped/>
  </testcase> <!-- inputUserIDandPasswordandClickLogin2 -->
  <testcase classname="pagesTest.HomePageTest" name="findTable">
    <skipped/>
  </testcase> <!-- findTable -->
</testsuite> <!-- pagesTest.HomePageTest -->
