<?xml version="1.0" encoding="UTF-8"?>
<!-- Generated by org.testng.reporters.JUnitReportReporter -->
<testsuite hostname="DESKTOP-9LMV1LJ" failures="0" tests="16" name="pagesTest.HomePageTest" time="23.347" errors="0" timestamp="2023-11-24T12:45:18 EST" skipped="15">
  <testcase classname="pagesTest.HomePageTest" name="usingJavaScriptForSendKeysAndClickInLogIn" time="23.347"/>
  <testcase classname="pagesTest.HomePageTest" name="getTitleName">
    <skipped/>
  </testcase> <!-- getTitleName -->
  <testcase classname="pagesTest.HomePageTest" name="inputTextInUserIDFieldTest">
    <skipped/>
  </testcase> <!-- inputTextInUserIDFieldTest -->
  <testcase classname="pagesTest.HomePageTest" name="inputUserIDAndPassInFieldTest">
    <skipped/>
  </testcase> <!-- inputUserIDAndPassInFieldTest -->
  <testcase classname="pagesTest.HomePageTest" name="openAnAccount">
    <skipped/>
  </testcase> <!-- openAnAccount -->
  <testcase classname="pagesTest.HomePageTest" name="getCurrentTitle">
    <skipped/>
  </testcase> <!-- getCurrentTitle -->
  <testcase classname="pagesTest.HomePageTest" name="anotherDimensionWithNavigation">
    <skipped/>
  </testcase> <!-- anotherDimensionWithNavigation -->
  <testcase classname="pagesTest.HomePageTest" name="sizeOfTheWindow">
    <skipped/>
  </testcase> <!-- sizeOfTheWindow -->
  <testcase classname="pagesTest.HomePageTest" name="useOfNavigator">
    <skipped/>
  </testcase> <!-- useOfNavigator -->
  <testcase classname="pagesTest.HomePageTest" name="inputPasswordTest">
    <skipped/>
  </testcase> <!-- inputPasswordTest -->
  <testcase classname="pagesTest.HomePageTest" name="clickForgotPasswordByUsingOfEnterKeyFromLaptop">
    <skipped/>
  </testcase> <!-- clickForgotPasswordByUsingOfEnterKeyFromLaptop -->
  <testcase classname="pagesTest.HomePageTest" name="mouseHooverAction">
    <skipped/>
  </testcase> <!-- mouseHooverAction -->
  <testcase classname="pagesTest.HomePageTest" name="clickLogInButtonTest">
    <skipped/>
  </testcase> <!-- clickLogInButtonTest -->
  <testcase classname="pagesTest.HomePageTest" name="inputUserIDandPasswordandClickLogin2">
    <skipped/>
  </testcase> <!-- inputUserIDandPasswordandClickLogin2 -->
  <testcase classname="pagesTest.HomePageTest" name="useOfJavaScriptToClickMethod">
    <skipped/>
  </testcase> <!-- useOfJavaScriptToClickMethod -->
  <testcase classname="pagesTest.HomePageTest" name="clcikForgotIDandPass">
    <skipped/>
  </testcase> <!-- clcikForgotIDandPass -->
</testsuite> <!-- pagesTest.HomePageTest -->
